<?xml version="1.0" encoding="UTF-8"?>
<!-- Generated by org.testng.reporters.JUnitReportReporter -->
<testsuite hostname="LAPTOP-33DHK76K" failures="0" tests="1" name="com.testingshastra.uitests.homepagetests.HomePageTests" time="9.548" errors="0" timestamp="2021-10-20T16:48:19 IST" skipped="0">
  <testcase classname="com.testingshastra.uitests.homepagetests.HomePageTests" name="toVerifyHomepageTitle" time="9.548"/>
  <system-out/>
</testsuite> <!-- com.testingshastra.uitests.homepagetests.HomePageTests -->
