<?xml version="1.0" encoding="UTF-8"?>
<!-- Generated by org.testng.reporters.JUnitReportReporter -->
<testsuite hostname="LAPTOP-33DHK76K" failures="0" tests="2" name="com.testingshastra.uitests.HomePageTests2" time="26.259" errors="0" timestamp="2021-10-24T20:47:11 IST" skipped="0">
  <testcase classname="com.testingshastra.uitests.HomePageTests2" name="printAllInfoLinks" time="16.638"/>
  <system-out/>
  <testcase classname="com.testingshastra.uitests.HomePageTests2" name="verifyIfUserRedirectsToJoinMeetingPage" time="9.621"/>
  <system-out/>
</testsuite> <!-- com.testingshastra.uitests.HomePageTests2 -->
