<?xml version="1.0" encoding="UTF-8"?>
<!-- Generated by org.testng.reporters.JUnitReportReporter -->
<testsuite hostname="LAPTOP-33DHK76K" failures="0" tests="1" name="com.testingshastra.uitests.SignupPageTests" time="19.033" errors="0" timestamp="2021-10-23T16:57:53 IST" skipped="0">
  <testcase classname="com.testingshastra.uitests.SignupPageTests" name="validateFullNameFieldForCorrectInput" time="19.033"/>
  <system-out/>
</testsuite> <!-- com.testingshastra.uitests.SignupPageTests -->
